[2020-12-07T15:49:31.868] [DEBUG] cheese - login => username:admin,password:12121111
[2020-12-07T15:49:31.873] [DEBUG] cheese - admin
[2020-12-07T15:49:32.121] [DEBUG] cheese - null
[2020-12-07T15:49:32.122] [DEBUG] cheese - null
[2020-12-07T15:50:19.980] [DEBUG] cheese - login => username:zs1,password:111111
[2020-12-07T15:50:19.980] [DEBUG] cheese - zs1
[2020-12-07T15:50:19.984] [DEBUG] cheese - null
[2020-12-07T15:50:19.984] [DEBUG] cheese - null
[2020-12-07T15:50:32.731] [DEBUG] cheese - login => username:zs11,password:111111
[2020-12-07T15:50:32.732] [DEBUG] cheese - zs11
[2020-12-07T15:50:32.736] [DEBUG] cheese - null
[2020-12-07T15:50:32.736] [DEBUG] cheese - null
[2020-12-07T15:51:17.476] [DEBUG] cheese - login => username:adfd,password:dfdfdfdfdf
[2020-12-07T15:51:17.477] [DEBUG] cheese - adfd
[2020-12-07T15:51:17.480] [DEBUG] cheese - null
[2020-12-07T15:51:17.480] [DEBUG] cheese - null
[2020-12-07T15:53:15.149] [DEBUG] cheese - login => username:admin,password:1111111111111
[2020-12-07T15:53:15.149] [DEBUG] cheese - admin
[2020-12-07T15:53:15.153] [DEBUG] cheese - null
[2020-12-07T15:53:15.153] [DEBUG] cheese - null
[2020-12-07T15:53:25.107] [DEBUG] cheese - login => username:admin1212,password:112121212
[2020-12-07T15:53:25.108] [DEBUG] cheese - admin1212
[2020-12-07T15:53:25.111] [DEBUG] cheese - null
[2020-12-07T15:53:25.111] [DEBUG] cheese - null
[2020-12-07T15:53:25.847] [DEBUG] cheese - login => username:admin1212,password:112121212
[2020-12-07T15:53:25.847] [DEBUG] cheese - admin1212
[2020-12-07T15:53:25.849] [DEBUG] cheese - null
[2020-12-07T15:53:25.849] [DEBUG] cheese - null
[2020-12-07T15:53:26.161] [DEBUG] cheese - login => username:admin1212,password:112121212
[2020-12-07T15:53:26.161] [DEBUG] cheese - admin1212
[2020-12-07T15:53:26.165] [DEBUG] cheese - null
[2020-12-07T15:53:26.165] [DEBUG] cheese - null
[2020-12-07T15:53:26.377] [DEBUG] cheese - login => username:admin1212,password:112121212
[2020-12-07T15:53:26.377] [DEBUG] cheese - admin1212
[2020-12-07T15:53:26.381] [DEBUG] cheese - null
[2020-12-07T15:53:26.381] [DEBUG] cheese - null
[2020-12-07T15:53:26.583] [DEBUG] cheese - login => username:admin1212,password:112121212
[2020-12-07T15:53:26.583] [DEBUG] cheese - admin1212
[2020-12-07T15:53:26.586] [DEBUG] cheese - null
[2020-12-07T15:53:26.586] [DEBUG] cheese - null
[2020-12-07T15:53:26.799] [DEBUG] cheese - login => username:admin1212,password:112121212
[2020-12-07T15:53:26.800] [DEBUG] cheese - admin1212
[2020-12-07T15:53:26.802] [DEBUG] cheese - null
[2020-12-07T15:53:26.803] [DEBUG] cheese - null
[2020-12-07T15:53:26.991] [DEBUG] cheese - login => username:admin1212,password:112121212
[2020-12-07T15:53:26.991] [DEBUG] cheese - admin1212
[2020-12-07T15:53:26.993] [DEBUG] cheese - null
[2020-12-07T15:53:26.993] [DEBUG] cheese - null
[2020-12-07T15:53:27.183] [DEBUG] cheese - login => username:admin1212,password:112121212
[2020-12-07T15:53:27.183] [DEBUG] cheese - admin1212
[2020-12-07T15:53:27.186] [DEBUG] cheese - null
[2020-12-07T15:53:27.186] [DEBUG] cheese - null
[2020-12-07T15:53:27.384] [DEBUG] cheese - login => username:admin1212,password:112121212
[2020-12-07T15:53:27.384] [DEBUG] cheese - admin1212
[2020-12-07T15:53:27.386] [DEBUG] cheese - null
[2020-12-07T15:53:27.386] [DEBUG] cheese - null
[2020-12-07T15:53:27.575] [DEBUG] cheese - login => username:admin1212,password:112121212
[2020-12-07T15:53:27.576] [DEBUG] cheese - admin1212
[2020-12-07T15:53:27.578] [DEBUG] cheese - null
[2020-12-07T15:53:27.579] [DEBUG] cheese - null
[2020-12-07T15:53:27.768] [DEBUG] cheese - login => username:admin1212,password:112121212
[2020-12-07T15:53:27.768] [DEBUG] cheese - admin1212
[2020-12-07T15:53:27.770] [DEBUG] cheese - null
[2020-12-07T15:53:27.771] [DEBUG] cheese - null
[2020-12-07T15:53:27.958] [DEBUG] cheese - login => username:admin1212,password:112121212
[2020-12-07T15:53:27.958] [DEBUG] cheese - admin1212
[2020-12-07T15:53:27.962] [DEBUG] cheese - null
[2020-12-07T15:53:27.962] [DEBUG] cheese - null
[2020-12-07T15:53:28.110] [DEBUG] cheese - login => username:admin1212,password:112121212
[2020-12-07T15:53:28.110] [DEBUG] cheese - admin1212
[2020-12-07T15:53:28.113] [DEBUG] cheese - null
[2020-12-07T15:53:28.113] [DEBUG] cheese - null
[2020-12-07T15:53:28.503] [DEBUG] cheese - login => username:admin1212,password:112121212
[2020-12-07T15:53:28.503] [DEBUG] cheese - admin1212
[2020-12-07T15:53:28.506] [DEBUG] cheese - null
[2020-12-07T15:53:28.506] [DEBUG] cheese - null
[2020-12-07T15:53:28.679] [DEBUG] cheese - login => username:admin1212,password:112121212
[2020-12-07T15:53:28.679] [DEBUG] cheese - admin1212
[2020-12-07T15:53:28.681] [DEBUG] cheese - null
[2020-12-07T15:53:28.681] [DEBUG] cheese - null
[2020-12-07T15:53:28.887] [DEBUG] cheese - login => username:admin1212,password:112121212
[2020-12-07T15:53:28.887] [DEBUG] cheese - admin1212
[2020-12-07T15:53:28.889] [DEBUG] cheese - null
[2020-12-07T15:53:28.889] [DEBUG] cheese - null
[2020-12-07T15:53:29.095] [DEBUG] cheese - login => username:admin1212,password:112121212
[2020-12-07T15:53:29.095] [DEBUG] cheese - admin1212
[2020-12-07T15:53:29.099] [DEBUG] cheese - null
[2020-12-07T15:53:29.099] [DEBUG] cheese - null
[2020-12-07T16:04:49.653] [DEBUG] cheese - login => username:dfdf,password:dfdfdfdf
[2020-12-07T16:04:49.653] [DEBUG] cheese - dfdf
[2020-12-07T16:04:49.656] [DEBUG] cheese - null
[2020-12-07T16:04:49.656] [DEBUG] cheese - null
[2020-12-07T16:05:02.129] [DEBUG] cheese - login => username:admin,password:123456
[2020-12-07T16:05:02.130] [DEBUG] cheese - admin
[2020-12-07T16:05:02.132] [DEBUG] cheese - null
[2020-12-07T16:05:02.132] [DEBUG] cheese - null
[2020-12-07T16:08:14.821] [DEBUG] cheese - login => username:admin,password:123456
[2020-12-07T16:08:14.822] [DEBUG] cheese - admin
[2020-12-07T16:08:14.826] [DEBUG] cheese - null
[2020-12-07T16:08:14.826] [DEBUG] cheese - null
[2020-12-07T16:09:37.107] [DEBUG] cheese - login => username:admin,password:123456
[2020-12-07T16:09:37.107] [DEBUG] cheese - admin
[2020-12-07T16:09:37.109] [DEBUG] cheese - null
[2020-12-07T16:09:37.109] [DEBUG] cheese - null
[2020-12-07T16:09:59.034] [DEBUG] cheese - login => username:admin,password:123456
[2020-12-07T16:09:59.035] [DEBUG] cheese - admin
[2020-12-07T16:09:59.038] [DEBUG] cheese - null
[2020-12-07T16:09:59.038] [DEBUG] cheese - null
[2020-12-07T16:12:03.465] [DEBUG] cheese - login => username:admin,password:123456
[2020-12-07T16:12:03.465] [DEBUG] cheese - admin
[2020-12-07T16:12:03.468] [DEBUG] cheese - null
[2020-12-07T16:12:03.468] [DEBUG] cheese - null
[2020-12-07T16:12:16.826] [DEBUG] cheese - login => username:admin,password:123456
[2020-12-07T16:12:16.826] [DEBUG] cheese - admin
[2020-12-07T16:12:16.829] [DEBUG] cheese - null
[2020-12-07T16:12:16.829] [DEBUG] cheese - null
[2020-12-07T16:20:59.250] [DEBUG] cheese - login => username:admin,password:123456
[2020-12-07T16:20:59.251] [DEBUG] cheese - admin
[2020-12-07T16:20:59.254] [DEBUG] cheese - null
[2020-12-07T16:20:59.254] [DEBUG] cheese - null
[2020-12-07T16:23:39.154] [DEBUG] cheese - login => username:admin,password:123456
[2020-12-07T16:23:39.154] [DEBUG] cheese - admin
[2020-12-07T16:23:39.157] [DEBUG] cheese - null
[2020-12-07T16:23:39.157] [DEBUG] cheese - null
[2020-12-07T16:24:45.686] [DEBUG] cheese - login => username:admin,password:123456
[2020-12-07T16:24:45.686] [DEBUG] cheese - admin
[2020-12-07T16:24:45.689] [DEBUG] cheese - null
[2020-12-07T16:24:45.689] [DEBUG] cheese - null
[2020-12-07T16:24:48.473] [DEBUG] cheese - login => username:admin,password:123456
[2020-12-07T16:24:48.473] [DEBUG] cheese - admin
[2020-12-07T16:24:48.477] [DEBUG] cheese - null
[2020-12-07T16:24:48.477] [DEBUG] cheese - null
[2020-12-07T16:27:19.286] [DEBUG] cheese - login => username:admin,password:123456
[2020-12-07T16:27:19.286] [DEBUG] cheese - admin
[2020-12-07T16:27:19.289] [DEBUG] cheese - null
[2020-12-07T16:27:19.290] [DEBUG] cheese - null
[2020-12-07T16:45:24.464] [DEBUG] cheese - login => username:admin,password:123456
[2020-12-07T16:45:24.465] [DEBUG] cheese - admin
[2020-12-07T16:45:24.469] [DEBUG] cheese - null
[2020-12-07T16:45:24.469] [DEBUG] cheese - null
[2020-12-07T17:13:01.034] [DEBUG] cheese - login => username:admin,password:123456
[2020-12-07T17:13:01.034] [DEBUG] cheese - admin
[2020-12-07T17:13:01.038] [DEBUG] cheese - null
[2020-12-07T17:13:01.038] [DEBUG] cheese - null
[2020-12-07T17:14:19.024] [DEBUG] cheese - login => username:admin,password:123456
[2020-12-07T17:14:19.024] [DEBUG] cheese - admin
[2020-12-07T17:14:19.028] [DEBUG] cheese - null
[2020-12-07T17:14:19.028] [DEBUG] cheese - null
[2020-12-07T17:16:06.172] [DEBUG] cheese - login => username:admin,password:123456
[2020-12-07T17:16:06.172] [DEBUG] cheese - admin
[2020-12-07T17:16:06.175] [DEBUG] cheese - null
[2020-12-07T17:16:06.175] [DEBUG] cheese - null
[2020-12-07T17:19:59.475] [DEBUG] cheese - login => username:admin,password:123456
[2020-12-07T17:19:59.475] [DEBUG] cheese - admin
[2020-12-07T17:19:59.478] [DEBUG] cheese - null
[2020-12-07T17:19:59.478] [DEBUG] cheese - null
[2020-12-07T17:22:15.885] [DEBUG] cheese - login => username:admin,password:123456
[2020-12-07T17:22:15.885] [DEBUG] cheese - admin
[2020-12-07T17:22:15.887] [DEBUG] cheese - null
[2020-12-07T17:22:15.887] [DEBUG] cheese - null
[2020-12-07T18:05:23.295] [DEBUG] cheese - login => username:admin,password:123456
[2020-12-07T18:05:23.295] [DEBUG] cheese - admin
[2020-12-07T18:05:23.298] [DEBUG] cheese - null
[2020-12-07T18:05:23.298] [DEBUG] cheese - null
[2020-12-07T18:05:52.876] [DEBUG] cheese - login => username:admin,password:123456
[2020-12-07T18:05:52.876] [DEBUG] cheese - admin
[2020-12-07T18:05:52.879] [DEBUG] cheese - null
[2020-12-07T18:05:52.879] [DEBUG] cheese - null
[2020-12-08T11:28:40.591] [DEBUG] cheese - login => username:admin,password:123456
[2020-12-08T11:28:40.595] [DEBUG] cheese - admin
[2020-12-08T11:28:40.648] [DEBUG] cheese - null
[2020-12-08T11:28:40.649] [DEBUG] cheese - null
[2020-12-08T11:43:17.170] [DEBUG] cheese - login => username:admin,password:123456
[2020-12-08T11:43:17.171] [DEBUG] cheese - admin
[2020-12-08T11:43:17.174] [DEBUG] cheese - null
[2020-12-08T11:43:17.174] [DEBUG] cheese - null
[2020-12-08T11:45:03.300] [DEBUG] cheese - login => username:admin,password:123456
[2020-12-08T11:45:03.300] [DEBUG] cheese - admin
[2020-12-08T11:45:03.303] [DEBUG] cheese - null
[2020-12-08T11:45:03.303] [DEBUG] cheese - null
[2020-12-08T11:47:34.013] [DEBUG] cheese - login => username:admin,password:123456
[2020-12-08T11:47:34.013] [DEBUG] cheese - admin
[2020-12-08T11:47:34.017] [DEBUG] cheese - null
[2020-12-08T11:47:34.017] [DEBUG] cheese - null
[2020-12-08T11:51:17.934] [DEBUG] cheese - login => username:admin,password:123456
[2020-12-08T11:51:17.934] [DEBUG] cheese - admin
[2020-12-08T11:51:17.936] [DEBUG] cheese - null
[2020-12-08T11:51:17.936] [DEBUG] cheese - null
[2020-12-08T16:17:01.753] [DEBUG] cheese - login => username:admin,password:123456
[2020-12-08T16:17:01.755] [DEBUG] cheese - admin
[2020-12-08T16:17:01.837] [DEBUG] cheese - null
[2020-12-08T16:17:01.838] [DEBUG] cheese - null
[2020-12-08T16:21:48.755] [DEBUG] cheese - login => username:admin,password:123456
[2020-12-08T16:21:48.755] [DEBUG] cheese - admin
[2020-12-08T16:21:48.758] [DEBUG] cheese - null
[2020-12-08T16:21:48.758] [DEBUG] cheese - null
[2020-12-08T16:21:50.858] [DEBUG] cheese - login => username:admin,password:123456
[2020-12-08T16:21:50.858] [DEBUG] cheese - admin
[2020-12-08T16:21:50.861] [DEBUG] cheese - null
[2020-12-08T16:21:50.861] [DEBUG] cheese - null
[2020-12-08T19:07:31.493] [DEBUG] cheese - login => username:admin,password:123456
[2020-12-08T19:07:31.493] [DEBUG] cheese - admin
[2020-12-08T19:07:31.497] [DEBUG] cheese - null
[2020-12-08T19:07:31.497] [DEBUG] cheese - null
[2020-12-08T19:12:41.961] [DEBUG] cheese - login => username:admin,password:123456
[2020-12-08T19:12:41.961] [DEBUG] cheese - admin
[2020-12-08T19:12:41.963] [DEBUG] cheese - null
[2020-12-08T19:12:41.963] [DEBUG] cheese - null
[2020-12-10T21:47:44.232] [DEBUG] cheese - login => username:admin,password:123456
[2020-12-10T21:47:44.239] [DEBUG] cheese - admin
[2020-12-10T21:47:44.282] [DEBUG] cheese - null
[2020-12-10T21:47:44.282] [DEBUG] cheese - null
[2020-12-10T22:16:08.730] [DEBUG] cheese - login => username:admin,password:123456
[2020-12-10T22:16:08.730] [DEBUG] cheese - admin
[2020-12-10T22:16:08.733] [DEBUG] cheese - null
[2020-12-10T22:16:08.733] [DEBUG] cheese - null
[2020-12-10T22:36:45.730] [DEBUG] cheese - login => username:admin,password:123456
[2020-12-10T22:36:45.730] [DEBUG] cheese - admin
[2020-12-10T22:36:45.736] [DEBUG] cheese - null
[2020-12-10T22:36:45.737] [DEBUG] cheese - null
[2020-12-15T16:08:55.338] [DEBUG] cheese - login => username:admin,password:123456
[2020-12-15T16:08:55.340] [DEBUG] cheese - admin
[2020-12-15T16:08:55.403] [DEBUG] cheese - null
[2020-12-15T16:08:55.404] [DEBUG] cheese - null
[2020-12-15T17:27:34.976] [DEBUG] cheese - null
[2020-12-15T17:29:59.472] [DEBUG] cheese - null
[2020-12-15T17:30:02.674] [DEBUG] cheese - null
[2020-12-15T17:31:30.386] [DEBUG] cheese - null
[2020-12-15T17:31:33.072] [DEBUG] cheese - null
[2020-12-15T17:31:57.852] [DEBUG] cheese - null
[2020-12-15T17:32:00.297] [DEBUG] cheese - null
[2020-12-15T17:32:38.915] [DEBUG] cheese - login => username:admin,password:123456
[2020-12-15T17:32:38.915] [DEBUG] cheese - admin
[2020-12-15T17:32:38.937] [DEBUG] cheese - null
[2020-12-15T17:32:38.937] [DEBUG] cheese - null
[2020-12-16T14:49:12.940] [DEBUG] cheese - login => username:admin,password:123456
[2020-12-16T14:49:12.942] [DEBUG] cheese - admin
[2020-12-16T14:49:13.016] [DEBUG] cheese - null
[2020-12-16T14:49:13.016] [DEBUG] cheese - null
[2020-12-16T15:31:38.421] [DEBUG] cheese - null
[2020-12-16T15:31:40.808] [DEBUG] cheese - null
[2020-12-16T15:32:01.285] [DEBUG] cheese - null
[2020-12-16T15:32:43.731] [DEBUG] cheese - null
[2020-12-16T15:32:45.786] [DEBUG] cheese - null
[2020-12-16T15:32:47.630] [DEBUG] cheese - null
[2020-12-16T15:33:04.740] [DEBUG] cheese - null
[2020-12-18T16:50:12.300] [DEBUG] cheese - login => username:admin,password:123456
[2020-12-18T16:50:12.315] [DEBUG] cheese - admin
[2020-12-18T16:50:12.366] [DEBUG] cheese - null
[2020-12-18T16:50:12.366] [DEBUG] cheese - null
